devdactic-android-push/platforms/android/build/outputs/logs/manifest-merger-debug-report.txt
-- Merging decision tree log ---
manifest
ADDED from platforms\android\AndroidManifest.xml:2:1-38:12
	android:hardwareAccelerated
		ADDED from platforms\android\AndroidManifest.xml:2:11-45
	xmlns:android
		ADDED from platforms\android\AndroidManifest.xml:2:154-212
	package
		ADDED from platforms\android\AndroidManifest.xml:2:98-153
	android:versionName
		ADDED from platforms\android\AndroidManifest.xml:2:70-97
	android:versionCode
		ADDED from platforms\android\AndroidManifest.xml:2:46-69
		INJECTED from platforms\android\AndroidManifest.xml
		INJECTED from platforms\android\AndroidManifest.xml
supports-screens
ADDED from platforms\android\AndroidManifest.xml:3:5-191
	android:resizeable
		ADDED from platforms\android\AndroidManifest.xml:3:106-131
	android:largeScreens
		ADDED from platforms\android\AndroidManifest.xml:3:49-76
	android:anyDensity
		ADDED from platforms\android\AndroidManifest.xml:3:23-48
	android:normalScreens
		ADDED from platforms\android\AndroidManifest.xml:3:77-105
	android:xlargeScreens
		ADDED from platforms\android\AndroidManifest.xml:3:160-188
	android:smallScreens
		ADDED from platforms\android\AndroidManifest.xml:3:132-159
uses-permission#android.permission.ACCESS_WIFI_STATE
ADDED from platforms\android\AndroidManifest.xml:4:5-76
	android:name
		ADDED from platforms\android\AndroidManifest.xml:4:22-73
application
ADDED from platforms\android\AndroidManifest.xml:5:5-29:19
MERGED from [com.android.support:support-v13:23.1.0] AndroidManifest.xml:22:5-20
MERGED from [com.android.support:support-v4:23.1.0] AndroidManifest.xml:22:5-20
MERGED from [com.google.android.gms:play-services-gcm:8.1.0] AndroidManifest.xml:24:5-20
MERGED from [com.google.android.gms:play-services-basement:8.1.0] AndroidManifest.xml:20:5-24:19
MERGED from [com.android.support:support-v4:23.1.0] AndroidManifest.xml:22:5-20
	android:supportsRtl
		ADDED from platforms\android\AndroidManifest.xml:5:116-142
	android:label
		ADDED from platforms\android\AndroidManifest.xml:5:83-115
	android:icon
		ADDED from platforms\android\AndroidManifest.xml:5:53-82
	android:hardwareAccelerated
		ADDED from platforms\android\AndroidManifest.xml:5:18-52
activity#com.ionicframework.devdacticandroidpush181331.MainActivity
ADDED from platforms\android\AndroidManifest.xml:6:9-11:20
	android:windowSoftInputMode
		ADDED from platforms\android\AndroidManifest.xml:6:248-290
	android:label
		ADDED from platforms\android\AndroidManifest.xml:6:97-134
	android:configChanges
		ADDED from platforms\android\AndroidManifest.xml:6:19-96
	android:theme
		ADDED from platforms\android\AndroidManifest.xml:6:194-247
	android:name
		ADDED from platforms\android\AndroidManifest.xml:6:166-193
	android:launchMode
		ADDED from platforms\android\AndroidManifest.xml:6:135-165
intent-filter#android.intent.action.MAIN+android.intent.category.LAUNCHER
ADDED from platforms\android\AndroidManifest.xml:7:13-10:29
	android:label
		ADDED from platforms\android\AndroidManifest.xml:7:28-65
action#android.intent.action.MAIN
ADDED from platforms\android\AndroidManifest.xml:8:17-69
	android:name
		ADDED from platforms\android\AndroidManifest.xml:8:25-66
category#android.intent.category.LAUNCHER
ADDED from platforms\android\AndroidManifest.xml:9:17-77
	android:name
		ADDED from platforms\android\AndroidManifest.xml:9:27-74
activity#com.adobe.phonegap.push.PushHandlerActivity
ADDED from platforms\android\AndroidManifest.xml:12:9-104
	android:exported
		ADDED from platforms\android\AndroidManifest.xml:12:19-42
	android:name
		ADDED from platforms\android\AndroidManifest.xml:12:43-101
receiver#com.google.android.gms.gcm.GcmReceiver
ADDED from platforms\android\AndroidManifest.xml:13:9-18:20
	android:exported
		ADDED from platforms\android\AndroidManifest.xml:13:19-42
	android:permission
		ADDED from platforms\android\AndroidManifest.xml:13:97-157
	android:name
		ADDED from platforms\android\AndroidManifest.xml:13:43-96
intent-filter#com.google.android.c2dm.intent.RECEIVE+com.ionicframework.devdacticandroidpush181331
ADDED from platforms\android\AndroidManifest.xml:14:13-17:29
action#com.google.android.c2dm.intent.RECEIVE
ADDED from platforms\android\AndroidManifest.xml:15:17-81
	android:name
		ADDED from platforms\android\AndroidManifest.xml:15:25-78
category#com.ionicframework.devdacticandroidpush181331
ADDED from platforms\android\AndroidManifest.xml:16:17-90
	android:name
		ADDED from platforms\android\AndroidManifest.xml:16:27-87
service#com.adobe.phonegap.push.GCMIntentService
ADDED from platforms\android\AndroidManifest.xml:19:9-23:19
	android:exported
		ADDED from platforms\android\AndroidManifest.xml:19:18-42
	android:name
		ADDED from platforms\android\AndroidManifest.xml:19:43-98
intent-filter#com.google.android.c2dm.intent.RECEIVE
ADDED from platforms\android\AndroidManifest.xml:20:13-22:29
service#com.adobe.phonegap.push.PushInstanceIDListenerService
ADDED from platforms\android\AndroidManifest.xml:24:9-28:19
	android:exported
		ADDED from platforms\android\AndroidManifest.xml:24:18-42
	android:name
		ADDED from platforms\android\AndroidManifest.xml:24:43-111
intent-filter#com.google.android.gms.iid.InstanceID
ADDED from platforms\android\AndroidManifest.xml:25:13-27:29
action#com.google.android.gms.iid.InstanceID
ADDED from platforms\android\AndroidManifest.xml:26:17-80
	android:name
		ADDED from platforms\android\AndroidManifest.xml:26:25-77
uses-sdk
ADDED from platforms\android\AndroidManifest.xml:30:5-74
MERGED from [com.android.support:support-v13:23.1.0] AndroidManifest.xml:20:5-44
MERGED from [com.android.support:support-v4:23.1.0] AndroidManifest.xml:20:5-43
MERGED from [com.google.android.gms:play-services-gcm:8.1.0] AndroidManifest.xml:18:5-42
MERGED from [com.google.android.gms:play-services-base:8.1.0] AndroidManifest.xml:18:5-42
MERGED from [com.google.android.gms:play-services-basement:8.1.0] AndroidManifest.xml:18:5-42
MERGED from [com.android.support:support-v4:23.1.0] AndroidManifest.xml:20:5-43
MERGED from [android:CordovaLib:unspecified:debug] AndroidManifest.xml:25:5-44
	android:targetSdkVersion
		ADDED from platforms\android\AndroidManifest.xml:30:42-71
	android:minSdkVersion
		ADDED from platforms\android\AndroidManifest.xml:30:15-41
uses-permission#android.permission.INTERNET
ADDED from platforms\android\AndroidManifest.xml:31:5-67
MERGED from [com.google.android.gms:play-services-gcm:8.1.0] AndroidManifest.xml:22:5-67
	android:name
		ADDED from platforms\android\AndroidManifest.xml:31:22-64
uses-permission#android.permission.ACCESS_NETWORK_STATE
ADDED from platforms\android\AndroidManifest.xml:32:5-79
	android:name
		ADDED from platforms\android\AndroidManifest.xml:32:22-76
uses-permission#android.permission.WAKE_LOCK
ADDED from platforms\android\AndroidManifest.xml:33:5-68
	android:name
		ADDED from platforms\android\AndroidManifest.xml:33:22-65
uses-permission#android.permission.VIBRATE
ADDED from platforms\android\AndroidManifest.xml:34:5-66
	android:name
		ADDED from platforms\android\AndroidManifest.xml:34:22-63
uses-permission#com.google.android.c2dm.permission.RECEIVE
ADDED from platforms\android\AndroidManifest.xml:35:5-82
MERGED from [com.google.android.gms:play-services-gcm:8.1.0] AndroidManifest.xml:21:5-82
	android:name
		ADDED from platforms\android\AndroidManifest.xml:35:22-79
permission#com.ionicframework.devdacticandroidpush181331.permission.C2D_MESSAGE
ADDED from platforms\android\AndroidManifest.xml:36:5-139
	android:protectionLevel
		ADDED from platforms\android\AndroidManifest.xml:36:101-136
	android:name
		ADDED from platforms\android\AndroidManifest.xml:36:17-100
uses-permission#com.ionicframework.devdacticandroidpush181331.permission.C2D_MESSAGE
ADDED from platforms\android\AndroidManifest.xml:37:5-108
	android:name
		ADDED from platforms\android\AndroidManifest.xml:37:22-105
meta-data#com.google.android.gms.version
ADDED from [com.google.android.gms:play-services-basement:8.1.0] AndroidManifest.xml:21:9-23:69
	android:name
		ADDED from [com.google.android.gms:play-services-basement:8.1.0] AndroidManifest.xml:22:13-58
	android:value
		ADDED from [com.google.android.gms:play-services-basement:8.1.0] AndroidManifest.xml:23:13-66